<?xml version="1.0" encoding="UTF-8"?>
<testsuite xmlns:xsi="http://www.w3.org/2001/XMLSchema-instance" xsi:noNamespaceSchemaLocation="https://maven.apache.org/surefire/maven-surefire-plugin/xsd/surefire-test-report-3.0.xsd" version="3.0" name="TasksCrudTest" time="2.132" tests="5" errors="0" skipped="0" failures="0">
  <properties>
[...]
</properties>
  <testcase name="testCreateTask" classname="TasksCrudTest" time="1.587"/>
  <testcase name="testGetAllTasks" classname="TasksCrudTest" time="0.045"/>
  <testcase name="testGetSingleTask" classname="TasksCrudTest" time="0.056"/>
  <testcase name="testUpdateTask" classname="TasksCrudTest" time="0.035"/>
  <testcase name="testDeleteTask" classname="TasksCrudTest" time="0.028"/>
</testsuite>